TN:
SF:src\Complexite.js
FN:2,(anonymous_0)
FNF:1
FNH:1
FNDA:1,(anonymous_0)
DA:3,1
DA:4,1
DA:5,1
DA:6,1
DA:10,1
LF:5
LH:5
BRF:0
BRH:0
end_of_record
TN:
SF:src\password.js
FN:3,generatePassword
FN:14,(anonymous_1)
FNF:2
FNH:2
FNDA:1,generatePassword
FNDA:4,(anonymous_1)
DA:1,1
DA:4,1
DA:5,0
DA:7,1
DA:8,0
DA:10,1
DA:11,0
DA:13,1
DA:14,1
DA:15,4
DA:16,4
DA:19,1
DA:20,0
DA:22,1
DA:23,1
DA:24,1
DA:25,1
DA:26,1
DA:28,1
DA:29,1
DA:30,1
DA:31,1
DA:33,1
DA:34,1
DA:35,1
DA:37,1
DA:38,1
DA:39,1
DA:41,1
DA:42,1
DA:43,1
DA:45,1
DA:46,2
DA:48,1
DA:51,1
LF:35
LH:31
BRDA:4,0,0,0
BRDA:4,0,1,1
BRDA:7,1,0,0
BRDA:7,1,1,1
BRDA:10,2,0,0
BRDA:10,2,1,1
BRDA:15,3,0,4
BRDA:15,3,1,0
BRDA:19,4,0,0
BRDA:19,4,1,1
BRDA:29,5,0,1
BRDA:29,5,1,0
BRDA:33,6,0,1
BRDA:33,6,1,0
BRDA:37,7,0,1
BRDA:37,7,1,0
BRDA:41,8,0,1
BRDA:41,8,1,0
BRF:18
BRH:9
end_of_record
