TN:
SF:src\Math.js
FN:1,(anonymous_0)
FN:8,(anonymous_1)
FN:15,(anonymous_2)
FN:22,(anonymous_3)
FN:33,checkNumber
FNF:5
FNH:5
FNDA:6,(anonymous_0)
FNDA:3,(anonymous_1)
FNDA:3,(anonymous_2)
FNDA:5,(anonymous_3)
FNDA:7,checkNumber
DA:1,1
DA:2,6
DA:3,3
DA:5,3
DA:8,1
DA:9,3
DA:10,0
DA:12,3
DA:15,1
DA:16,3
DA:17,0
DA:19,3
DA:22,1
DA:23,5
DA:24,1
DA:26,4
DA:27,3
DA:29,1
DA:34,7
DA:35,1
DA:37,6
DA:38,6
DA:39,2
DA:41,6
DA:42,3
DA:44,6
DA:45,4
DA:46,2
DA:48,2
DA:51,6
DA:55,1
LF:31
LH:29
BRDA:2,0,0,3
BRDA:2,0,1,3
BRDA:2,1,0,6
BRDA:2,1,1,4
BRDA:9,2,0,0
BRDA:9,2,1,3
BRDA:9,3,0,3
BRDA:9,3,1,3
BRDA:16,4,0,0
BRDA:16,4,1,3
BRDA:16,5,0,3
BRDA:16,5,1,3
BRDA:23,6,0,1
BRDA:23,6,1,4
BRDA:23,7,0,5
BRDA:23,7,1,4
BRDA:26,8,0,3
BRDA:26,8,1,1
BRDA:34,9,0,1
BRDA:34,9,1,6
BRDA:38,10,0,2
BRDA:38,10,1,4
BRDA:41,11,0,3
BRDA:41,11,1,3
BRDA:44,12,0,4
BRDA:44,12,1,2
BRDA:45,13,0,2
BRDA:45,13,1,2
BRF:28
BRH:26
end_of_record
TN:
SF:src\parser.js
FN:3,(anonymous_0)
FNF:1
FNH:1
FNDA:5,(anonymous_0)
DA:1,1
DA:3,1
DA:4,5
DA:5,5
DA:6,1
DA:8,4
DA:9,4
DA:10,1
DA:12,3
DA:13,3
DA:14,1
DA:16,2
DA:17,2
DA:18,1
DA:20,1
DA:23,1
LF:16
LH:16
BRDA:5,0,0,1
BRDA:5,0,1,4
BRDA:9,1,0,1
BRDA:9,1,1,3
BRDA:13,2,0,1
BRDA:13,2,1,2
BRDA:17,3,0,1
BRDA:17,3,1,1
BRF:8
BRH:8
end_of_record
